<?xml version="1.0" encoding="UTF-8"?>
<!-- Generated by org.testng.reporters.JUnitXMLReporter -->
<testsuite ignored="0" hostname="DESKTOP-I88GKEH" failures="1" tests="1" name="Default test" time="184.918" errors="0" timestamp="2025-09-10T09:57:46 IST">
  <testcase classname="io.cucumber.testng.AbstractTestNGCucumberTests" name="runScenario" time="182.577">
    <failure type="java.lang.AssertionError" message="Expected search results to be displayed expected [true] but found [false]">
      <![CDATA[java.lang.AssertionError: Expected search results to be displayed expected [true] but found [false]
at org.testng.Assert.fail(Assert.java:111)
at org.testng.Assert.failNotEquals(Assert.java:1590)
at org.testng.Assert.assertTrue(Assert.java:57)
at com.stepdefinitions.searchingdefinitions.search_results_should_be_displayed(searchingdefinitions.java:75)
at ✽.search results should be displayed(file:///C:/Users/Dell/OneDrive/Documents/capgemini%20training/Ixigo_Project/src/test/resources/Features/search_flight.feature:13)
]]>
    </failure>
  </testcase> <!-- runScenario -->
</testsuite> <!-- Default test -->
