<?xml version="1.0" encoding="UTF-8"?>
<!-- Generated by org.testng.reporters.JUnitReportReporter -->
<testsuite hostname="DESKTOP-I88GKEH" failures="0" tests="1" name="com.runner.TestRunner" time="55.679" errors="1" timestamp="2025-09-09T14:02:33 IST" skipped="0">
  <testcase classname="com.runner.TestRunner" name="runScenario" time="55.679">
    <error message="The step &#039;the user selects &quot;Round Trip&quot; trip type&#039; and 3 other step(s) are undefined.
You can implement these steps using the snippet(s) below:

@When(&quot;the user selects {string} trip type&quot;)
public void the_user_selects_trip_type(String string) {
    // Write code here that turns the phrase above into concrete actions
    throw new io.cucumber.java.PendingException();
}
@When(&quot;the user selects departure date as {string}&quot;)
public void the_user_selects_departure_date_as(String string) {
    // Write code here that turns the phrase above into concrete actions
    throw new io.cucumber.java.PendingException();
}
@When(&quot;the user selects return date as {string}&quot;)
public void the_user_selects_return_date_as(String string) {
    // Write code here that turns the phrase above into concrete actions
    throw new io.cucumber.java.PendingException();
}
@When(&quot;the user sets travellers as {string} adults, {string} children, {string} infants and class as {string}&quot;)
public void the_user_sets_travellers_as_adults_children_infants_and_class_as(String string, String string2, String string3, String string4) {
    // Write code here that turns the phrase above into concrete actions
    throw new io.cucumber.java.PendingException();
}
" type="io.cucumber.testng.UndefinedStepException">
      <![CDATA[io.cucumber.testng.UndefinedStepException: The step 'the user selects "Round Trip" trip type' and 3 other step(s) are undefined.
You can implement these steps using the snippet(s) below:

@When("the user selects {string} trip type")
public void the_user_selects_trip_type(String string) {
    // Write code here that turns the phrase above into concrete actions
    throw new io.cucumber.java.PendingException();
}
@When("the user selects departure date as {string}")
public void the_user_selects_departure_date_as(String string) {
    // Write code here that turns the phrase above into concrete actions
    throw new io.cucumber.java.PendingException();
}
@When("the user selects return date as {string}")
public void the_user_selects_return_date_as(String string) {
    // Write code here that turns the phrase above into concrete actions
    throw new io.cucumber.java.PendingException();
}
@When("the user sets travellers as {string} adults, {string} children, {string} infants and class as {string}")
public void the_user_sets_travellers_as_adults_children_infants_and_class_as(String string, String string2, String string3, String string4) {
    // Write code here that turns the phrase above into concrete actions
    throw new io.cucumber.java.PendingException();
}

at ✽.the user selects "Round Trip" trip type(file:///C:/Users/Dell/OneDrive/Documents/capgemini%20training/Ixigo_Project/src/test/resources/features/search_flight.feature:6)
]]>
    </error>
  </testcase> <!-- runScenario -->
</testsuite> <!-- com.runner.TestRunner -->
